<?xml version="1.0" encoding="UTF-8"?>
<testsuite name="JUnit Vintage" tests="6" skipped="0" failures="0" errors="0" time="0.032" hostname="CPX-6LYU9GTO7X8" timestamp="2021-06-22T20:39:31">
<properties>
<property name="file.encoding" value="Cp1252"/>
<property name="file.separator" value="\"/>
<property name="java.class.path" value="C:\Data\DEMO\KevinMaven\libraires\junit-platform-console-standalone-1.6.2.jar"/>
<property name="java.class.version" value="58.0"/>
<property name="java.home" value="C:\Program Files\Java\jdk-14.0.2"/>
<property name="java.io.tmpdir" value="C:\Users\RAKESH~1.POD\AppData\Local\Temp\"/>
<property name="java.library.path" value="C:\Program Files\Java\jdk-14.0.2\bin;C:\WINDOWS\Sun\Java\bin;C:\WINDOWS\system32;C:\WINDOWS;C:\Program Files\Java\jdk-14.0.2\bin;C:\Program Files (x86)\Common Files\Oracle\Java\javapath;C:\WINDOWS\system32;C:\WINDOWS;C:\WINDOWS\System32\Wbem;C:\WINDOWS\System32\WindowsPowerShell\v1.0\;C:\WINDOWS\System32\OpenSSH\;C:\Users\rakesh.podili\AppData\Local\Programs\Python\Python39;C:\Users\rakesh.podili\AppData\Local\Programs\Python\Python39\Scripts;C:\Users\rakesh.podili\AppData\Local\Programs\Git\bin;C:\Program Files (x86)\Symantec\VIP Access Client\;C:\Users\rakesh.podili\AppData\Local\Microsoft\WindowsApps;C:\Users\rakesh.podili\AppData\Local\GitHubDesktop\bin;C:\Users\rakesh.podili\AppData\Local\Programs\Git\cmd;C:\Program Files\JetBrains\IntelliJ IDEA Community Edition 2020.3.3\bin;;;."/>
<property name="java.runtime.name" value="Java(TM) SE Runtime Environment"/>
<property name="java.runtime.version" value="14.0.2+12-46"/>
<property name="java.specification.name" value="Java Platform API Specification"/>
<property name="java.specification.vendor" value="Oracle Corporation"/>
<property name="java.specification.version" value="14"/>
<property name="java.vendor" value="Oracle Corporation"/>
<property name="java.vendor.url" value="https://java.oracle.com/"/>
<property name="java.vendor.url.bug" value="https://bugreport.java.com/bugreport/"/>
<property name="java.version" value="14.0.2"/>
<property name="java.version.date" value="2020-07-14"/>
<property name="java.vm.compressedOopsMode" value="32-bit"/>
<property name="java.vm.info" value="mixed mode, sharing"/>
<property name="java.vm.name" value="Java HotSpot(TM) 64-Bit Server VM"/>
<property name="java.vm.specification.name" value="Java Virtual Machine Specification"/>
<property name="java.vm.specification.vendor" value="Oracle Corporation"/>
<property name="java.vm.specification.version" value="14"/>
<property name="java.vm.vendor" value="Oracle Corporation"/>
<property name="java.vm.version" value="14.0.2+12-46"/>
<property name="jdk.debug" value="release"/>
<property name="line.separator" value="
"/>
<property name="os.arch" value="amd64"/>
<property name="os.name" value="Windows 10"/>
<property name="os.version" value="10.0"/>
<property name="password" value="dias123"/>
<property name="path.separator" value=";"/>
<property name="sun.arch.data.model" value="64"/>
<property name="sun.boot.library.path" value="C:\Program Files\Java\jdk-14.0.2\bin"/>
<property name="sun.cpu.endian" value="little"/>
<property name="sun.cpu.isalist" value="amd64"/>
<property name="sun.io.unicode.encoding" value="UnicodeLittle"/>
<property name="sun.java.command" value="C:\Data\DEMO\KevinMaven\libraires\junit-platform-console-standalone-1.6.2.jar -cp . --scan-class-path --reports-dir=reports"/>
<property name="sun.java.launcher" value="SUN_STANDARD"/>
<property name="sun.jnu.encoding" value="Cp1252"/>
<property name="sun.management.compiler" value="HotSpot 64-Bit Tiered Compilers"/>
<property name="sun.os.patch.level" value=""/>
<property name="sun.stderr.encoding" value="cp850"/>
<property name="sun.stdout.encoding" value="cp850"/>
<property name="url" value="https://amazon.com"/>
<property name="user.country" value="GB"/>
<property name="user.dir" value="C:\Data\DEMO\KevinMaven\src\test\java"/>
<property name="user.home" value="C:\Users\rakesh.podili"/>
<property name="user.language" value="en"/>
<property name="user.name" value="rakesh.podili"/>
<property name="user.script" value=""/>
<property name="user.timezone" value="Europe/London"/>
<property name="user.variant" value=""/>
<property name="userName" value="Kevin"/>
</properties>
<testcase name="test_cmd1" classname="CmdTest" time="0.003">
<system-out><![CDATA[
unique-id: [engine:junit-vintage]/[runner:CmdTest]/[test:test_cmd1(CmdTest)]
display-name: test_cmd1
]]></system-out>
</testcase>
<testcase name="test_cmd2" classname="CmdTest" time="0">
<system-out><![CDATA[
unique-id: [engine:junit-vintage]/[runner:CmdTest]/[test:test_cmd2(CmdTest)]
display-name: test_cmd2
]]></system-out>
</testcase>
<testcase name="test_cmd" classname="CmdTest" time="0">
<system-out><![CDATA[
unique-id: [engine:junit-vintage]/[runner:CmdTest]/[test:test_cmd(CmdTest)]
display-name: test_cmd
]]></system-out>
</testcase>
<testcase name="test_cmd1" classname="CommandLineTest" time="0">
<system-out><![CDATA[
unique-id: [engine:junit-vintage]/[runner:CommandLineTest]/[test:test_cmd1(CommandLineTest)]
display-name: test_cmd1
]]></system-out>
</testcase>
<testcase name="test_cmd2" classname="CommandLineTest" time="0">
<system-out><![CDATA[
unique-id: [engine:junit-vintage]/[runner:CommandLineTest]/[test:test_cmd2(CommandLineTest)]
display-name: test_cmd2
]]></system-out>
</testcase>
<testcase name="test_cmd" classname="CommandLineTest" time="0">
<system-out><![CDATA[
unique-id: [engine:junit-vintage]/[runner:CommandLineTest]/[test:test_cmd(CommandLineTest)]
display-name: test_cmd
]]></system-out>
</testcase>
<system-out><![CDATA[
unique-id: [engine:junit-vintage]
display-name: JUnit Vintage
]]></system-out>
</testsuite>
